<?xml version="1.0" encoding="UTF-8" ?>
<testsuite failures="0" time="0.337" errors="0" skipped="0" tests="4" name="TestSuite">
  <properties>
    <property name="java.runtime.name" value="OpenJDK Runtime Environment"/>
    <property name="sun.boot.library.path" value="/usr/lib/jvm/java-6-openjdk/jre/lib/i386"/>
    <property name="java.vm.version" value="20.0-b11"/>
    <property name="java.vm.vendor" value="Sun Microsystems Inc."/>
    <property name="java.vendor.url" value="http://java.sun.com/"/>
    <property name="path.separator" value=":"/>
    <property name="java.vm.name" value="OpenJDK Server VM"/>
    <property name="file.encoding.pkg" value="sun.io"/>
    <property name="user.country" value="SG"/>
    <property name="sun.java.launcher" value="SUN_STANDARD"/>
    <property name="sun.os.patch.level" value="unknown"/>
    <property name="java.vm.specification.name" value="Java Virtual Machine Specification"/>
    <property name="user.dir" value="/home/darth/workspace/my_friends"/>
    <property name="java.runtime.version" value="1.6.0_23-b23"/>
    <property name="java.awt.graphicsenv" value="sun.awt.X11GraphicsEnvironment"/>
    <property name="basedir" value="/home/darth/workspace/my_friends"/>
    <property name="java.endorsed.dirs" value="/usr/lib/jvm/java-6-openjdk/jre/lib/endorsed"/>
    <property name="os.arch" value="i386"/>
    <property name="surefire.real.class.path" value="/home/darth/workspace/my_friends/target/surefire/surefirebooter2203483944748054409.jar"/>
    <property name="java.io.tmpdir" value="/tmp"/>
    <property name="line.separator" value="
"/>
    <property name="java.vm.specification.vendor" value="Sun Microsystems Inc."/>
    <property name="os.name" value="Linux"/>
    <property name="sun.jnu.encoding" value="UTF-8"/>
    <property name="java.library.path" value="/usr/lib/jvm/java-6-openjdk/jre/lib/i386/server:/usr/lib/jvm/java-6-openjdk/jre/lib/i386:/usr/lib/jvm/java-6-openjdk/jre/../lib/i386:/usr/lib/jvm/java-6-openjdk/jre/lib/i386/client:/usr/lib/jvm/java-6-openjdk/jre/lib/i386::/usr/java/packages/lib/i386:/usr/lib/jni:/lib:/usr/lib"/>
    <property name="surefire.test.class.path" value="/home/darth/workspace/my_friends/target/test-classes:/home/darth/workspace/my_friends/target/classes:/home/darth/.m2/repository/org/eclipse/persistence/javax.persistence/2.0.3/javax.persistence-2.0.3.jar:/home/darth/.m2/repository/org/eclipse/persistence/eclipselink/2.2.0/eclipselink-2.2.0.jar:/home/darth/.m2/repository/postgresql/postgresql/9.0-801.jdbc4/postgresql-9.0-801.jdbc4.jar:/home/darth/.m2/repository/org/testng/testng/6.1.1/testng-6.1.1.jar:/home/darth/.m2/repository/junit/junit/3.8.1/junit-3.8.1.jar:/home/darth/.m2/repository/org/beanshell/bsh/2.0b4/bsh-2.0b4.jar:/home/darth/.m2/repository/com/beust/jcommander/1.12/jcommander-1.12.jar:/home/darth/.m2/repository/org/yaml/snakeyaml/1.6/snakeyaml-1.6.jar:/home/darth/.m2/repository/org/jboss/arquillian/container/arquillian-glassfish-embedded-3.1/1.0.0.Alpha5/arquillian-glassfish-embedded-3.1-1.0.0.Alpha5.jar:/home/darth/.m2/repository/org/jboss/arquillian/arquillian-spi/1.0.0.Alpha5/arquillian-spi-1.0.0.Alpha5.jar:/home/darth/.m2/repository/org/jboss/arquillian/arquillian-api/1.0.0.Alpha5/arquillian-api-1.0.0.Alpha5.jar:/home/darth/.m2/repository/org/jboss/shrinkwrap/descriptors/shrinkwrap-descriptors-api/0.1.4/shrinkwrap-descriptors-api-0.1.4.jar:/home/darth/.m2/repository/org/jboss/shrinkwrap/shrinkwrap-extension-glassfish/1.0.0-alpha-12/shrinkwrap-extension-glassfish-1.0.0-alpha-12.jar:/home/darth/.m2/repository/org/jboss/shrinkwrap/shrinkwrap-api/1.0.0-alpha-12/shrinkwrap-api-1.0.0-alpha-12.jar:/home/darth/.m2/repository/org/jboss/shrinkwrap/shrinkwrap-impl-base/1.0.0-alpha-12/shrinkwrap-impl-base-1.0.0-alpha-12.jar:/home/darth/.m2/repository/org/jboss/arquillian/protocol/arquillian-protocol-servlet/1.0.0.Alpha5/arquillian-protocol-servlet-1.0.0.Alpha5.jar:/home/darth/.m2/repository/org/jboss/arquillian/testenricher/arquillian-testenricher-cdi/1.0.0.Alpha5/arquillian-testenricher-cdi-1.0.0.Alpha5.jar:/home/darth/.m2/repository/org/jboss/arquillian/testenricher/arquillian-testenricher-ejb/1.0.0.Alpha5/arquillian-testenricher-ejb-1.0.0.Alpha5.jar:/home/darth/.m2/repository/org/jboss/arquillian/testenricher/arquillian-testenricher-resource/1.0.0.Alpha5/arquillian-testenricher-resource-1.0.0.Alpha5.jar:/home/darth/.m2/repository/org/jboss/arquillian/arquillian-testng/1.0.0.Alpha5/arquillian-testng-1.0.0.Alpha5.jar:/home/darth/.m2/repository/org/jboss/arquillian/arquillian-impl-base/1.0.0.Alpha5/arquillian-impl-base-1.0.0.Alpha5.jar:/home/darth/.m2/repository/org/jboss/shrinkwrap/shrinkwrap-spi/1.0.0-alpha-12/shrinkwrap-spi-1.0.0-alpha-12.jar:/home/darth/.m2/repository/org/jboss/shrinkwrap/resolver/shrinkwrap-resolver-api/1.0.0-alpha-12/shrinkwrap-resolver-api-1.0.0-alpha-12.jar:/home/darth/.m2/repository/org/jboss/shrinkwrap/resolver/shrinkwrap-resolver-api-maven/1.0.0-alpha-12/shrinkwrap-resolver-api-maven-1.0.0-alpha-12.jar:/home/darth/.m2/repository/org/jboss/shrinkwrap/resolver/shrinkwrap-resolver-impl-maven/1.0.0-alpha-12/shrinkwrap-resolver-impl-maven-1.0.0-alpha-12.jar:/home/darth/.m2/repository/org/sonatype/aether/aether-api/1.8/aether-api-1.8.jar:/home/darth/.m2/repository/org/sonatype/aether/aether-util/1.8/aether-util-1.8.jar:/home/darth/.m2/repository/org/sonatype/aether/aether-connector-wagon/1.8/aether-connector-wagon-1.8.jar:/home/darth/.m2/repository/org/sonatype/aether/aether-spi/1.8/aether-spi-1.8.jar:/home/darth/.m2/repository/org/codehaus/plexus/plexus-container-default/1.5.5/plexus-container-default-1.5.5.jar:/home/darth/.m2/repository/org/codehaus/plexus/plexus-classworlds/2.2.2/plexus-classworlds-2.2.2.jar:/home/darth/.m2/repository/org/apache/xbean/xbean-reflect/3.4/xbean-reflect-3.4.jar:/home/darth/.m2/repository/log4j/log4j/1.2.12/log4j-1.2.12.jar:/home/darth/.m2/repository/commons-logging/commons-logging-api/1.1/commons-logging-api-1.1.jar:/home/darth/.m2/repository/com/google/collections/google-collections/1.0/google-collections-1.0.jar:/home/darth/.m2/repository/org/apache/maven/maven-aether-provider/3.0.1/maven-aether-provider-3.0.1.jar:/home/darth/.m2/repository/org/apache/maven/maven-model/3.0.1/maven-model-3.0.1.jar:/home/darth/.m2/repository/org/apache/maven/maven-model-builder/3.0.1/maven-model-builder-3.0.1.jar:/home/darth/.m2/repository/org/apache/maven/maven-repository-metadata/3.0.1/maven-repository-metadata-3.0.1.jar:/home/darth/.m2/repository/org/sonatype/aether/aether-impl/1.8/aether-impl-1.8.jar:/home/darth/.m2/repository/org/codehaus/plexus/plexus-component-annotations/1.5.5/plexus-component-annotations-1.5.5.jar:/home/darth/.m2/repository/org/codehaus/plexus/plexus-utils/2.0.4/plexus-utils-2.0.4.jar:/home/darth/.m2/repository/org/apache/maven/maven-settings-builder/3.0.1/maven-settings-builder-3.0.1.jar:/home/darth/.m2/repository/org/codehaus/plexus/plexus-interpolation/1.14/plexus-interpolation-1.14.jar:/home/darth/.m2/repository/org/apache/maven/maven-settings/3.0.1/maven-settings-3.0.1.jar:/home/darth/.m2/repository/org/sonatype/plexus/plexus-sec-dispatcher/1.3/plexus-sec-dispatcher-1.3.jar:/home/darth/.m2/repository/org/sonatype/plexus/plexus-cipher/1.4/plexus-cipher-1.4.jar:/home/darth/.m2/repository/org/apache/maven/wagon/wagon-provider-api/1.0-beta-7/wagon-provider-api-1.0-beta-7.jar:/home/darth/.m2/repository/org/apache/maven/wagon/wagon-file/1.0-beta-7/wagon-file-1.0-beta-7.jar:/home/darth/.m2/repository/org/apache/maven/wagon/wagon-http-lightweight/1.0-beta-7/wagon-http-lightweight-1.0-beta-7.jar:/home/darth/.m2/repository/org/apache/maven/wagon/wagon-http-shared/1.0-beta-7/wagon-http-shared-1.0-beta-7.jar:/home/darth/.m2/repository/commons-logging/commons-logging/1.1.1/commons-logging-1.1.1.jar:/home/darth/.m2/repository/org/glassfish/extras/glassfish-embedded-all/3.1/glassfish-embedded-all-3.1.jar:/home/darth/.m2/repository/javax/enterprise/cdi-api/1.0-SP1/cdi-api-1.0-SP1.jar:/home/darth/.m2/repository/org/jboss/interceptor/jboss-interceptor-api/1.1/jboss-interceptor-api-1.1.jar:/home/darth/.m2/repository/javax/annotation/jsr250-api/1.0/jsr250-api-1.0.jar:/home/darth/.m2/repository/javax/inject/javax.inject/1/javax.inject-1.jar:/home/darth/.m2/repository/com/google/inject/integration/guice-spring/1.0/guice-spring-1.0.jar:/home/darth/.m2/repository/com/google/inject/guice/1.0/guice-1.0.jar:/home/darth/.m2/repository/aopalliance/aopalliance/1.0/aopalliance-1.0.jar:"/>
    <property name="java.specification.name" value="Java Platform API Specification"/>
    <property name="java.class.version" value="50.0"/>
    <property name="sun.management.compiler" value="HotSpot Tiered Compilers"/>
    <property name="os.version" value="3.0.0-12-generic"/>
    <property name="user.home" value="/home/darth"/>
    <property name="user.timezone" value="Asia/Singapore"/>
    <property name="java.awt.printerjob" value="sun.print.PSPrinterJob"/>
    <property name="file.encoding" value="UTF-8"/>
    <property name="java.specification.version" value="1.6"/>
    <property name="user.name" value="darth"/>
    <property name="java.class.path" value="/home/darth/workspace/my_friends/target/test-classes:/home/darth/workspace/my_friends/target/classes:/home/darth/.m2/repository/org/eclipse/persistence/javax.persistence/2.0.3/javax.persistence-2.0.3.jar:/home/darth/.m2/repository/org/eclipse/persistence/eclipselink/2.2.0/eclipselink-2.2.0.jar:/home/darth/.m2/repository/postgresql/postgresql/9.0-801.jdbc4/postgresql-9.0-801.jdbc4.jar:/home/darth/.m2/repository/org/testng/testng/6.1.1/testng-6.1.1.jar:/home/darth/.m2/repository/junit/junit/3.8.1/junit-3.8.1.jar:/home/darth/.m2/repository/org/beanshell/bsh/2.0b4/bsh-2.0b4.jar:/home/darth/.m2/repository/com/beust/jcommander/1.12/jcommander-1.12.jar:/home/darth/.m2/repository/org/yaml/snakeyaml/1.6/snakeyaml-1.6.jar:/home/darth/.m2/repository/org/jboss/arquillian/container/arquillian-glassfish-embedded-3.1/1.0.0.Alpha5/arquillian-glassfish-embedded-3.1-1.0.0.Alpha5.jar:/home/darth/.m2/repository/org/jboss/arquillian/arquillian-spi/1.0.0.Alpha5/arquillian-spi-1.0.0.Alpha5.jar:/home/darth/.m2/repository/org/jboss/arquillian/arquillian-api/1.0.0.Alpha5/arquillian-api-1.0.0.Alpha5.jar:/home/darth/.m2/repository/org/jboss/shrinkwrap/descriptors/shrinkwrap-descriptors-api/0.1.4/shrinkwrap-descriptors-api-0.1.4.jar:/home/darth/.m2/repository/org/jboss/shrinkwrap/shrinkwrap-extension-glassfish/1.0.0-alpha-12/shrinkwrap-extension-glassfish-1.0.0-alpha-12.jar:/home/darth/.m2/repository/org/jboss/shrinkwrap/shrinkwrap-api/1.0.0-alpha-12/shrinkwrap-api-1.0.0-alpha-12.jar:/home/darth/.m2/repository/org/jboss/shrinkwrap/shrinkwrap-impl-base/1.0.0-alpha-12/shrinkwrap-impl-base-1.0.0-alpha-12.jar:/home/darth/.m2/repository/org/jboss/arquillian/protocol/arquillian-protocol-servlet/1.0.0.Alpha5/arquillian-protocol-servlet-1.0.0.Alpha5.jar:/home/darth/.m2/repository/org/jboss/arquillian/testenricher/arquillian-testenricher-cdi/1.0.0.Alpha5/arquillian-testenricher-cdi-1.0.0.Alpha5.jar:/home/darth/.m2/repository/org/jboss/arquillian/testenricher/arquillian-testenricher-ejb/1.0.0.Alpha5/arquillian-testenricher-ejb-1.0.0.Alpha5.jar:/home/darth/.m2/repository/org/jboss/arquillian/testenricher/arquillian-testenricher-resource/1.0.0.Alpha5/arquillian-testenricher-resource-1.0.0.Alpha5.jar:/home/darth/.m2/repository/org/jboss/arquillian/arquillian-testng/1.0.0.Alpha5/arquillian-testng-1.0.0.Alpha5.jar:/home/darth/.m2/repository/org/jboss/arquillian/arquillian-impl-base/1.0.0.Alpha5/arquillian-impl-base-1.0.0.Alpha5.jar:/home/darth/.m2/repository/org/jboss/shrinkwrap/shrinkwrap-spi/1.0.0-alpha-12/shrinkwrap-spi-1.0.0-alpha-12.jar:/home/darth/.m2/repository/org/jboss/shrinkwrap/resolver/shrinkwrap-resolver-api/1.0.0-alpha-12/shrinkwrap-resolver-api-1.0.0-alpha-12.jar:/home/darth/.m2/repository/org/jboss/shrinkwrap/resolver/shrinkwrap-resolver-api-maven/1.0.0-alpha-12/shrinkwrap-resolver-api-maven-1.0.0-alpha-12.jar:/home/darth/.m2/repository/org/jboss/shrinkwrap/resolver/shrinkwrap-resolver-impl-maven/1.0.0-alpha-12/shrinkwrap-resolver-impl-maven-1.0.0-alpha-12.jar:/home/darth/.m2/repository/org/sonatype/aether/aether-api/1.8/aether-api-1.8.jar:/home/darth/.m2/repository/org/sonatype/aether/aether-util/1.8/aether-util-1.8.jar:/home/darth/.m2/repository/org/sonatype/aether/aether-connector-wagon/1.8/aether-connector-wagon-1.8.jar:/home/darth/.m2/repository/org/sonatype/aether/aether-spi/1.8/aether-spi-1.8.jar:/home/darth/.m2/repository/org/codehaus/plexus/plexus-container-default/1.5.5/plexus-container-default-1.5.5.jar:/home/darth/.m2/repository/org/codehaus/plexus/plexus-classworlds/2.2.2/plexus-classworlds-2.2.2.jar:/home/darth/.m2/repository/org/apache/xbean/xbean-reflect/3.4/xbean-reflect-3.4.jar:/home/darth/.m2/repository/log4j/log4j/1.2.12/log4j-1.2.12.jar:/home/darth/.m2/repository/commons-logging/commons-logging-api/1.1/commons-logging-api-1.1.jar:/home/darth/.m2/repository/com/google/collections/google-collections/1.0/google-collections-1.0.jar:/home/darth/.m2/repository/org/apache/maven/maven-aether-provider/3.0.1/maven-aether-provider-3.0.1.jar:/home/darth/.m2/repository/org/apache/maven/maven-model/3.0.1/maven-model-3.0.1.jar:/home/darth/.m2/repository/org/apache/maven/maven-model-builder/3.0.1/maven-model-builder-3.0.1.jar:/home/darth/.m2/repository/org/apache/maven/maven-repository-metadata/3.0.1/maven-repository-metadata-3.0.1.jar:/home/darth/.m2/repository/org/sonatype/aether/aether-impl/1.8/aether-impl-1.8.jar:/home/darth/.m2/repository/org/codehaus/plexus/plexus-component-annotations/1.5.5/plexus-component-annotations-1.5.5.jar:/home/darth/.m2/repository/org/codehaus/plexus/plexus-utils/2.0.4/plexus-utils-2.0.4.jar:/home/darth/.m2/repository/org/apache/maven/maven-settings-builder/3.0.1/maven-settings-builder-3.0.1.jar:/home/darth/.m2/repository/org/codehaus/plexus/plexus-interpolation/1.14/plexus-interpolation-1.14.jar:/home/darth/.m2/repository/org/apache/maven/maven-settings/3.0.1/maven-settings-3.0.1.jar:/home/darth/.m2/repository/org/sonatype/plexus/plexus-sec-dispatcher/1.3/plexus-sec-dispatcher-1.3.jar:/home/darth/.m2/repository/org/sonatype/plexus/plexus-cipher/1.4/plexus-cipher-1.4.jar:/home/darth/.m2/repository/org/apache/maven/wagon/wagon-provider-api/1.0-beta-7/wagon-provider-api-1.0-beta-7.jar:/home/darth/.m2/repository/org/apache/maven/wagon/wagon-file/1.0-beta-7/wagon-file-1.0-beta-7.jar:/home/darth/.m2/repository/org/apache/maven/wagon/wagon-http-lightweight/1.0-beta-7/wagon-http-lightweight-1.0-beta-7.jar:/home/darth/.m2/repository/org/apache/maven/wagon/wagon-http-shared/1.0-beta-7/wagon-http-shared-1.0-beta-7.jar:/home/darth/.m2/repository/commons-logging/commons-logging/1.1.1/commons-logging-1.1.1.jar:/home/darth/.m2/repository/org/glassfish/extras/glassfish-embedded-all/3.1/glassfish-embedded-all-3.1.jar:/home/darth/.m2/repository/javax/enterprise/cdi-api/1.0-SP1/cdi-api-1.0-SP1.jar:/home/darth/.m2/repository/org/jboss/interceptor/jboss-interceptor-api/1.1/jboss-interceptor-api-1.1.jar:/home/darth/.m2/repository/javax/annotation/jsr250-api/1.0/jsr250-api-1.0.jar:/home/darth/.m2/repository/javax/inject/javax.inject/1/javax.inject-1.jar:/home/darth/.m2/repository/com/google/inject/integration/guice-spring/1.0/guice-spring-1.0.jar:/home/darth/.m2/repository/com/google/inject/guice/1.0/guice-1.0.jar:/home/darth/.m2/repository/aopalliance/aopalliance/1.0/aopalliance-1.0.jar:"/>
    <property name="java.vm.specification.version" value="1.0"/>
    <property name="sun.arch.data.model" value="32"/>
    <property name="java.home" value="/usr/lib/jvm/java-6-openjdk/jre"/>
    <property name="sun.java.command" value="/home/darth/workspace/my_friends/target/surefire/surefirebooter2203483944748054409.jar /home/darth/workspace/my_friends/target/surefire/surefire5324469660736144287tmp /home/darth/workspace/my_friends/target/surefire/surefire5901146209759948097tmp"/>
    <property name="java.specification.vendor" value="Sun Microsystems Inc."/>
    <property name="user.language" value="en"/>
    <property name="java.vm.info" value="mixed mode"/>
    <property name="java.version" value="1.6.0_23"/>
    <property name="java.ext.dirs" value="/usr/lib/jvm/java-6-openjdk/jre/lib/ext:/usr/java/packages/lib/ext"/>
    <property name="sun.boot.class.path" value="/usr/lib/jvm/java-6-openjdk/jre/lib/resources.jar:/usr/lib/jvm/java-6-openjdk/jre/lib/rt.jar:/usr/lib/jvm/java-6-openjdk/jre/lib/sunrsasign.jar:/usr/lib/jvm/java-6-openjdk/jre/lib/jsse.jar:/usr/lib/jvm/java-6-openjdk/jre/lib/jce.jar:/usr/lib/jvm/java-6-openjdk/jre/lib/charsets.jar:/usr/lib/jvm/java-6-openjdk/jre/lib/netx.jar:/usr/lib/jvm/java-6-openjdk/jre/lib/plugin.jar:/usr/lib/jvm/java-6-openjdk/jre/lib/rhino.jar:/usr/lib/jvm/java-6-openjdk/jre/lib/modules/jdk.boot.jar:/usr/lib/jvm/java-6-openjdk/jre/classes"/>
    <property name="java.vendor" value="Sun Microsystems Inc."/>
    <property name="localRepository" value="/home/darth/.m2/repository"/>
    <property name="file.separator" value="/"/>
    <property name="java.vendor.url.bug" value="http://java.sun.com/cgi-bin/bugreport.cgi"/>
    <property name="sun.cpu.endian" value="little"/>
    <property name="sun.io.unicode.encoding" value="UnicodeLittle"/>
    <property name="sun.desktop" value="gnome"/>
    <property name="sun.cpu.isalist" value=""/>
  </properties>
  <testcase time="0.012" classname="unit.util.CommonMathTest" name="testFactorialFive"/>
  <testcase time="0" classname="unit.util.CommonMathTest" name="testFactorialNegative"/>
  <testcase time="0.001" classname="unit.util.CommonMathTest" name="testFactorialZero"/>
  <testcase time="0.001" classname="unit.util.CommonMathTest" name="testTheTruth"/>
</testsuite>